[INFO] Scanning for projects...
[INFO] 
[INFO] -------------------< com.agrolink:agrolink-backend >--------------------
[INFO] Building agrolink-backend 0.0.1-SNAPSHOT
[INFO]   from pom.xml
[INFO] --------------------------------[ jar ]---------------------------------
[INFO] 
[INFO] >>> spring-boot:4.0.2:run (default-cli) > test-compile @ agrolink-backend >>>
[INFO] 
[INFO] --- resources:3.3.1:resources (default-resources) @ agrolink-backend ---
[INFO] Copying 1 resource from src/main/resources to target/classes
[INFO] Copying 0 resource from src/main/resources to target/classes
[INFO] 
[INFO] --- compiler:3.14.1:compile (default-compile) @ agrolink-backend ---
[INFO] Nothing to compile - all classes are up to date.
[INFO] 
[INFO] --- resources:3.3.1:testResources (default-testResources) @ agrolink-backend ---
[INFO] skip non existing resourceDirectory /Users/shashinkavintha/Documents/My/Agrolink/agrolink-backend/src/test/resources
[INFO] 
[INFO] --- compiler:3.14.1:testCompile (default-testCompile) @ agrolink-backend ---
[INFO] Nothing to compile - all classes are up to date.
[INFO] 
[INFO] <<< spring-boot:4.0.2:run (default-cli) < test-compile @ agrolink-backend <<<
[INFO] 
[INFO] 
[INFO] --- spring-boot:4.0.2:run (default-cli) @ agrolink-backend ---
[INFO] Attaching agents: []

  .   ____          _            __ _ _
 /\\ / ___'_ __ _ _(_)_ __  __ _ \ \ \ \
( ( )\___ | '_ | '_| | '_ \/ _` | \ \ \ \
 \\/  ___)| |_)| | | | | || (_| |  ) ) ) )
  '  |____| .__|_| |_|_| |_\__, | / / / /
 =========|_|==============|___/=/_/_/_/

 :: Spring Boot ::                (v4.0.2)

2026-02-01T12:52:35.588+05:30  INFO 16999 --- [agrolink-backend] [           main] c.a.backend.AgrolinkBackendApplication   : Starting AgrolinkBackendApplication using Java 24.0.1 with PID 16999 (/Users/shashinkavintha/Documents/My/Agrolink/agrolink-backend/target/classes started by shashinkavintha in /Users/shashinkavintha/Documents/My/Agrolink/agrolink-backend)
2026-02-01T12:52:35.590+05:30  INFO 16999 --- [agrolink-backend] [           main] c.a.backend.AgrolinkBackendApplication   : No active profile set, falling back to 1 default profile: "default"
2026-02-01T12:52:35.856+05:30  INFO 16999 --- [agrolink-backend] [           main] .s.d.r.c.RepositoryConfigurationDelegate : Bootstrapping Spring Data JPA repositories in DEFAULT mode.
2026-02-01T12:52:35.889+05:30  INFO 16999 --- [agrolink-backend] [           main] .s.d.r.c.RepositoryConfigurationDelegate : Finished Spring Data repository scanning in 29 ms. Found 4 JPA repository interfaces.
2026-02-01T12:52:36.068+05:30  INFO 16999 --- [agrolink-backend] [           main] o.s.boot.tomcat.TomcatWebServer          : Tomcat initialized with port 8080 (http)
2026-02-01T12:52:36.075+05:30  INFO 16999 --- [agrolink-backend] [           main] o.apache.catalina.core.StandardService   : Starting service [Tomcat]
2026-02-01T12:52:36.075+05:30  INFO 16999 --- [agrolink-backend] [           main] o.apache.catalina.core.StandardEngine    : Starting Servlet engine: [Apache Tomcat/11.0.15]
2026-02-01T12:52:36.095+05:30  INFO 16999 --- [agrolink-backend] [           main] b.w.c.s.WebApplicationContextInitializer : Root WebApplicationContext: initialization completed in 480 ms
2026-02-01T12:52:36.170+05:30  INFO 16999 --- [agrolink-backend] [           main] org.hibernate.orm.jpa                    : HHH008540: Processing PersistenceUnitInfo [name: default]
2026-02-01T12:52:36.196+05:30  INFO 16999 --- [agrolink-backend] [           main] org.hibernate.orm.core                   : HHH000001: Hibernate ORM core version 7.2.1.Final
2026-02-01T12:52:36.399+05:30  INFO 16999 --- [agrolink-backend] [           main] o.s.o.j.p.SpringPersistenceUnitInfo      : No LoadTimeWeaver setup: ignoring JPA class transformer
2026-02-01T12:52:36.418+05:30  INFO 16999 --- [agrolink-backend] [           main] com.zaxxer.hikari.HikariDataSource       : HikariPool-1 - Starting...
2026-02-01T12:52:39.975+05:30  INFO 16999 --- [agrolink-backend] [           main] com.zaxxer.hikari.pool.HikariPool        : HikariPool-1 - Added connection org.postgresql.jdbc.PgConnection@57b33c29
2026-02-01T12:52:39.982+05:30  INFO 16999 --- [agrolink-backend] [           main] com.zaxxer.hikari.HikariDataSource       : HikariPool-1 - Start completed.
2026-02-01T12:52:40.331+05:30  WARN 16999 --- [agrolink-backend] [           main] org.hibernate.orm.deprecation            : HHH90000025: PostgreSQLDialect does not need to be specified explicitly using 'hibernate.dialect' (remove the property setting and it will be selected by default)
2026-02-01T12:52:41.359+05:30  INFO 16999 --- [agrolink-backend] [           main] org.hibernate.orm.connections.pooling    : HHH10001005: Database info:
	Database JDBC URL [jdbc:postgresql://aws-1-ap-south-1.pooler.supabase.com:6543/postgres?sslmode=require&prepareThreshold=0]
	Database driver: PostgreSQL JDBC Driver
	Database dialect: PostgreSQLDialect
	Database version: 17.6
	Default catalog/schema: postgres/public
	Autocommit mode: undefined/unknown
	Isolation level: READ_COMMITTED [default READ_COMMITTED]
	JDBC fetch size: none
	Pool: DataSourceConnectionProvider
	Minimum pool size: undefined/unknown
	Maximum pool size: undefined/unknown
2026-02-01T12:52:42.037+05:30  INFO 16999 --- [agrolink-backend] [           main] org.hibernate.orm.core                   : HHH000489: No JTA platform available (set 'hibernate.transaction.jta.platform' to enable JTA platform integration)
Hibernate: 
    drop type if exists OrderStatus cascade
2026-02-01T12:52:43.666+05:30  WARN 16999 --- [agrolink-backend] [           main] org.hibernate.orm.jdbc.warn              : HHH000247: ErrorCode: 0, SQLState: 00000
2026-02-01T12:52:43.666+05:30  WARN 16999 --- [agrolink-backend] [           main] org.hibernate.orm.jdbc.warn              : drop cascades to 2 other objects
Hibernate: 
    drop type if exists ProductStatus cascade
2026-02-01T12:52:43.845+05:30  WARN 16999 --- [agrolink-backend] [           main] org.hibernate.orm.jdbc.warn              : HHH000247: ErrorCode: 0, SQLState: 00000
2026-02-01T12:52:43.845+05:30  WARN 16999 --- [agrolink-backend] [           main] org.hibernate.orm.jdbc.warn              : drop cascades to 2 other objects
Hibernate: 
    create type OrderStatus as enum ('accepted','cancelled','delivered','disputed','pending','ready_to_ship','shipped')
Hibernate: 
    create cast (varchar as OrderStatus) with inout as implicit
Hibernate: 
    create cast (OrderStatus as varchar) with inout as implicit
Hibernate: 
    create type ProductStatus as enum ('approved','pending','rejected')
Hibernate: 
    create cast (varchar as ProductStatus) with inout as implicit
Hibernate: 
    create cast (ProductStatus as varchar) with inout as implicit
2026-02-01T12:52:51.537+05:30  INFO 16999 --- [agrolink-backend] [           main] j.LocalContainerEntityManagerFactoryBean : Initialized JPA EntityManagerFactory for persistence unit 'default'
2026-02-01T12:52:51.665+05:30  INFO 16999 --- [agrolink-backend] [           main] o.s.d.j.r.query.QueryEnhancerFactories   : Hibernate is in classpath; If applicable, HQL parser will be used.
2026-02-01T12:52:51.900+05:30  WARN 16999 --- [agrolink-backend] [           main] JpaBaseConfiguration$JpaWebConfiguration : spring.jpa.open-in-view is enabled by default. Therefore, database queries may be performed during view rendering. Explicitly configure spring.jpa.open-in-view to disable this warning
2026-02-01T12:52:52.103+05:30  INFO 16999 --- [agrolink-backend] [           main] o.s.boot.tomcat.TomcatWebServer          : Tomcat started on port 8080 (http) with context path '/'
2026-02-01T12:52:52.109+05:30  INFO 16999 --- [agrolink-backend] [           main] c.a.backend.AgrolinkBackendApplication   : Started AgrolinkBackendApplication in 16.68 seconds (process running for 16.848)
2026-02-01T12:53:09.383+05:30  INFO 16999 --- [agrolink-backend] [nio-8080-exec-1] o.a.c.c.C.[Tomcat].[localhost].[/]       : Initializing Spring DispatcherServlet 'dispatcherServlet'
2026-02-01T12:53:09.384+05:30  INFO 16999 --- [agrolink-backend] [nio-8080-exec-1] o.s.web.servlet.DispatcherServlet        : Initializing Servlet 'dispatcherServlet'
2026-02-01T12:53:09.386+05:30  INFO 16999 --- [agrolink-backend] [nio-8080-exec-1] o.s.web.servlet.DispatcherServlet        : Completed initialization in 2 ms
Hibernate: 
    select
        p1_0.id,
        p1_0.avatar_url,
        p1_0.buyer_type,
        p1_0.created_at,
        p1_0.email,
        p1_0.full_name,
        p1_0.nic_back_url,
        p1_0.nic_front_url,
        p1_0.proof_photo_url,
        p1_0.role,
        p1_0.status,
        p1_0.updated_at 
    from
        public.profiles p1_0 
    where
        p1_0.id=?
Hibernate: 
    insert 
    into
        public.profiles
        (avatar_url, buyer_type, created_at, email, full_name, nic_back_url, nic_front_url, proof_photo_url, role, status, updated_at, id) 
    values
        (?, ?, ?, ?, ?, ?, ?, ?, ?, ?, ?, ?)
2026-02-01T12:53:10.451+05:30  WARN 16999 --- [agrolink-backend] [nio-8080-exec-1] org.hibernate.orm.jdbc.error             : HHH000247: ErrorCode: 0, SQLState: 23503
2026-02-01T12:53:10.451+05:30  WARN 16999 --- [agrolink-backend] [nio-8080-exec-1] org.hibernate.orm.jdbc.error             : ERROR: insert or update on table "profiles" violates foreign key constraint "profiles_id_fkey"
  Detail: Key (id)=(123e4567-e89b-12d3-a456-426614174000) is not present in table "users".
2026-02-01T12:53:10.786+05:30 ERROR 16999 --- [agrolink-backend] [nio-8080-exec-1] o.a.c.c.C.[.[.[/].[dispatcherServlet]    : Servlet.service() for servlet [dispatcherServlet] in context with path [] threw exception [Request processing failed: org.springframework.dao.DataIntegrityViolationException: could not execute statement [ERROR: insert or update on table "profiles" violates foreign key constraint "profiles_id_fkey"
  Detail: Key (id)=(123e4567-e89b-12d3-a456-426614174000) is not present in table "users".] [insert into public.profiles (avatar_url,buyer_type,created_at,email,full_name,nic_back_url,nic_front_url,proof_photo_url,role,status,updated_at,id) values (?,?,?,?,?,?,?,?,?,?,?,?)]; SQL [insert into public.profiles (avatar_url,buyer_type,created_at,email,full_name,nic_back_url,nic_front_url,proof_photo_url,role,status,updated_at,id) values (?,?,?,?,?,?,?,?,?,?,?,?)]; constraint [profiles_id_fkey]] with root cause

org.postgresql.util.PSQLException: ERROR: insert or update on table "profiles" violates foreign key constraint "profiles_id_fkey"
  Detail: Key (id)=(123e4567-e89b-12d3-a456-426614174000) is not present in table "users".
	at org.postgresql.core.v3.QueryExecutorImpl.receiveErrorResponse(QueryExecutorImpl.java:2846) ~[postgresql-42.7.9.jar:42.7.9]
	at org.postgresql.core.v3.QueryExecutorImpl.processResults(QueryExecutorImpl.java:2531) ~[postgresql-42.7.9.jar:42.7.9]
	at org.postgresql.core.v3.QueryExecutorImpl.execute(QueryExecutorImpl.java:429) ~[postgresql-42.7.9.jar:42.7.9]
	at org.postgresql.jdbc.PgStatement.executeInternal(PgStatement.java:526) ~[postgresql-42.7.9.jar:42.7.9]
	at org.postgresql.jdbc.PgStatement.execute(PgStatement.java:436) ~[postgresql-42.7.9.jar:42.7.9]
	at org.postgresql.jdbc.PgPreparedStatement.executeWithFlags(PgPreparedStatement.java:196) ~[postgresql-42.7.9.jar:42.7.9]
	at org.postgresql.jdbc.PgPreparedStatement.executeUpdate(PgPreparedStatement.java:157) ~[postgresql-42.7.9.jar:42.7.9]
	at com.zaxxer.hikari.pool.ProxyPreparedStatement.executeUpdate(ProxyPreparedStatement.java:61) ~[HikariCP-7.0.2.jar:na]
	at com.zaxxer.hikari.pool.HikariProxyPreparedStatement.executeUpdate(HikariProxyPreparedStatement.java) ~[HikariCP-7.0.2.jar:na]
	at org.hibernate.engine.jdbc.internal.ResultSetReturnImpl.executeUpdate(ResultSetReturnImpl.java:181) ~[hibernate-core-7.2.1.Final.jar:7.2.1.Final]
	at org.hibernate.engine.jdbc.mutation.internal.AbstractMutationExecutor.performNonBatchedMutation(AbstractMutationExecutor.java:145) ~[hibernate-core-7.2.1.Final.jar:7.2.1.Final]
	at org.hibernate.engine.jdbc.mutation.internal.MutationExecutorSingleNonBatched.performNonBatchedOperations(MutationExecutorSingleNonBatched.java:53) ~[hibernate-core-7.2.1.Final.jar:7.2.1.Final]
	at org.hibernate.engine.jdbc.mutation.internal.AbstractMutationExecutor.execute(AbstractMutationExecutor.java:66) ~[hibernate-core-7.2.1.Final.jar:7.2.1.Final]
	at org.hibernate.engine.jdbc.mutation.internal.AbstractMutationExecutor.execute(AbstractMutationExecutor.java:55) ~[hibernate-core-7.2.1.Final.jar:7.2.1.Final]
	at org.hibernate.persister.entity.mutation.InsertCoordinatorStandard.doStaticInserts(InsertCoordinatorStandard.java:180) ~[hibernate-core-7.2.1.Final.jar:7.2.1.Final]
	at org.hibernate.persister.entity.mutation.InsertCoordinatorStandard.coordinateInsert(InsertCoordinatorStandard.java:120) ~[hibernate-core-7.2.1.Final.jar:7.2.1.Final]
	at org.hibernate.persister.entity.mutation.InsertCoordinatorStandard.insert(InsertCoordinatorStandard.java:93) ~[hibernate-core-7.2.1.Final.jar:7.2.1.Final]
	at org.hibernate.action.internal.EntityInsertAction.execute(EntityInsertAction.java:108) ~[hibernate-core-7.2.1.Final.jar:7.2.1.Final]
	at org.hibernate.engine.spi.ActionQueue.executeActions(ActionQueue.java:634) ~[hibernate-core-7.2.1.Final.jar:7.2.1.Final]
	at org.hibernate.engine.spi.ActionQueue.executeActions(ActionQueue.java:505) ~[hibernate-core-7.2.1.Final.jar:7.2.1.Final]
	at org.hibernate.event.internal.AbstractFlushingEventListener.performExecutions(AbstractFlushingEventListener.java:381) ~[hibernate-core-7.2.1.Final.jar:7.2.1.Final]
	at org.hibernate.event.internal.DefaultFlushEventListener.onFlush(DefaultFlushEventListener.java:40) ~[hibernate-core-7.2.1.Final.jar:7.2.1.Final]
	at org.hibernate.event.service.internal.EventListenerGroupImpl.fireEventOnEachListener(EventListenerGroupImpl.java:138) ~[hibernate-core-7.2.1.Final.jar:7.2.1.Final]
	at org.hibernate.internal.SessionImpl.fireFlush(SessionImpl.java:1489) ~[hibernate-core-7.2.1.Final.jar:7.2.1.Final]
	at org.hibernate.internal.SessionImpl.managedFlush(SessionImpl.java:481) ~[hibernate-core-7.2.1.Final.jar:7.2.1.Final]
	at org.hibernate.internal.SessionImpl.flushBeforeTransactionCompletion(SessionImpl.java:2116) ~[hibernate-core-7.2.1.Final.jar:7.2.1.Final]
	at org.hibernate.internal.SessionImpl.beforeTransactionCompletion(SessionImpl.java:2038) ~[hibernate-core-7.2.1.Final.jar:7.2.1.Final]
	at org.hibernate.engine.jdbc.internal.JdbcCoordinatorImpl.beforeTransactionCompletion(JdbcCoordinatorImpl.java:410) ~[hibernate-core-7.2.1.Final.jar:7.2.1.Final]
	at org.hibernate.resource.transaction.backend.jdbc.internal.JdbcResourceLocalTransactionCoordinatorImpl.beforeCompletionCallback(JdbcResourceLocalTransactionCoordinatorImpl.java:166) ~[hibernate-core-7.2.1.Final.jar:7.2.1.Final]
	at org.hibernate.resource.transaction.backend.jdbc.internal.JdbcResourceLocalTransactionCoordinatorImpl$TransactionDriverControlImpl.commitNoRollbackOnly(JdbcResourceLocalTransactionCoordinatorImpl.java:248) ~[hibernate-core-7.2.1.Final.jar:7.2.1.Final]
	at org.hibernate.resource.transaction.backend.jdbc.internal.JdbcResourceLocalTransactionCoordinatorImpl$TransactionDriverControlImpl.commit(JdbcResourceLocalTransactionCoordinatorImpl.java:242) ~[hibernate-core-7.2.1.Final.jar:7.2.1.Final]
	at org.hibernate.engine.transaction.internal.TransactionImpl.commit(TransactionImpl.java:89) ~[hibernate-core-7.2.1.Final.jar:7.2.1.Final]
	at org.springframework.orm.jpa.JpaTransactionManager.doCommit(JpaTransactionManager.java:553) ~[spring-orm-7.0.3.jar:7.0.3]
	at org.springframework.transaction.support.AbstractPlatformTransactionManager.processCommit(AbstractPlatformTransactionManager.java:794) ~[spring-tx-7.0.3.jar:7.0.3]
	at org.springframework.transaction.support.AbstractPlatformTransactionManager.commit(AbstractPlatformTransactionManager.java:757) ~[spring-tx-7.0.3.jar:7.0.3]
	at org.springframework.transaction.interceptor.TransactionAspectSupport.commitTransactionAfterReturning(TransactionAspectSupport.java:687) ~[spring-tx-7.0.3.jar:7.0.3]
	at org.springframework.transaction.interceptor.TransactionAspectSupport.invokeWithinTransaction(TransactionAspectSupport.java:408) ~[spring-tx-7.0.3.jar:7.0.3]
	at org.springframework.transaction.interceptor.TransactionInterceptor.invoke(TransactionInterceptor.java:130) ~[spring-tx-7.0.3.jar:7.0.3]
	at org.springframework.aop.framework.ReflectiveMethodInvocation.proceed(ReflectiveMethodInvocation.java:179) ~[spring-aop-7.0.3.jar:7.0.3]
	at org.springframework.dao.support.PersistenceExceptionTranslationInterceptor.invoke(PersistenceExceptionTranslationInterceptor.java:135) ~[spring-tx-7.0.3.jar:7.0.3]
	at org.springframework.aop.framework.ReflectiveMethodInvocation.proceed(ReflectiveMethodInvocation.java:179) ~[spring-aop-7.0.3.jar:7.0.3]
	at org.springframework.data.jpa.repository.support.CrudMethodMetadataPostProcessor$CrudMethodMetadataPopulatingMethodInterceptor.invoke(CrudMethodMetadataPostProcessor.java:166) ~[spring-data-jpa-4.0.2.jar:4.0.2]
	at org.springframework.aop.framework.ReflectiveMethodInvocation.proceed(ReflectiveMethodInvocation.java:179) ~[spring-aop-7.0.3.jar:7.0.3]
	at org.springframework.aop.framework.JdkDynamicAopProxy.invoke(JdkDynamicAopProxy.java:222) ~[spring-aop-7.0.3.jar:7.0.3]
	at jdk.proxy2/jdk.proxy2.$Proxy138.save(Unknown Source) ~[na:na]
	at com.agrolink.backend.service.ProfileService.createProfile(ProfileService.java:19) ~[classes/:na]
	at com.agrolink.backend.controller.ProfileController.createProfile(ProfileController.java:22) ~[classes/:na]
	at java.base/jdk.internal.reflect.DirectMethodHandleAccessor.invoke(DirectMethodHandleAccessor.java:104) ~[na:na]
	at java.base/java.lang.reflect.Method.invoke(Method.java:565) ~[na:na]
	at org.springframework.web.method.support.InvocableHandlerMethod.doInvoke(InvocableHandlerMethod.java:258) ~[spring-web-7.0.3.jar:7.0.3]
	at org.springframework.web.method.support.InvocableHandlerMethod.invokeForRequest(InvocableHandlerMethod.java:190) ~[spring-web-7.0.3.jar:7.0.3]
	at org.springframework.web.servlet.mvc.method.annotation.ServletInvocableHandlerMethod.invokeAndHandle(ServletInvocableHandlerMethod.java:117) ~[spring-webmvc-7.0.3.jar:7.0.3]
	at org.springframework.web.servlet.mvc.method.annotation.RequestMappingHandlerAdapter.invokeHandlerMethod(RequestMappingHandlerAdapter.java:934) ~[spring-webmvc-7.0.3.jar:7.0.3]
	at org.springframework.web.servlet.mvc.method.annotation.RequestMappingHandlerAdapter.handleInternal(RequestMappingHandlerAdapter.java:853) ~[spring-webmvc-7.0.3.jar:7.0.3]
	at org.springframework.web.servlet.mvc.method.AbstractHandlerMethodAdapter.handle(AbstractHandlerMethodAdapter.java:86) ~[spring-webmvc-7.0.3.jar:7.0.3]
	at org.springframework.web.servlet.DispatcherServlet.doDispatch(DispatcherServlet.java:963) ~[spring-webmvc-7.0.3.jar:7.0.3]
	at org.springframework.web.servlet.DispatcherServlet.doService(DispatcherServlet.java:866) ~[spring-webmvc-7.0.3.jar:7.0.3]
	at org.springframework.web.servlet.FrameworkServlet.processRequest(FrameworkServlet.java:1003) ~[spring-webmvc-7.0.3.jar:7.0.3]
	at org.springframework.web.servlet.FrameworkServlet.doPost(FrameworkServlet.java:903) ~[spring-webmvc-7.0.3.jar:7.0.3]
	at jakarta.servlet.http.HttpServlet.service(HttpServlet.java:649) ~[tomcat-embed-core-11.0.15.jar:6.1]
	at org.springframework.web.servlet.FrameworkServlet.service(FrameworkServlet.java:874) ~[spring-webmvc-7.0.3.jar:7.0.3]
	at jakarta.servlet.http.HttpServlet.service(HttpServlet.java:710) ~[tomcat-embed-core-11.0.15.jar:6.1]
	at org.apache.catalina.core.ApplicationFilterChain.doFilter(ApplicationFilterChain.java:128) ~[tomcat-embed-core-11.0.15.jar:11.0.15]
	at org.apache.tomcat.websocket.server.WsFilter.doFilter(WsFilter.java:53) ~[tomcat-embed-websocket-11.0.15.jar:11.0.15]
	at org.apache.catalina.core.ApplicationFilterChain.doFilter(ApplicationFilterChain.java:107) ~[tomcat-embed-core-11.0.15.jar:11.0.15]
	at org.springframework.web.filter.RequestContextFilter.doFilterInternal(RequestContextFilter.java:100) ~[spring-web-7.0.3.jar:7.0.3]
	at org.springframework.web.filter.OncePerRequestFilter.doFilter(OncePerRequestFilter.java:116) ~[spring-web-7.0.3.jar:7.0.3]
	at org.apache.catalina.core.ApplicationFilterChain.doFilter(ApplicationFilterChain.java:107) ~[tomcat-embed-core-11.0.15.jar:11.0.15]
	at org.springframework.web.filter.FormContentFilter.doFilterInternal(FormContentFilter.java:93) ~[spring-web-7.0.3.jar:7.0.3]
	at org.springframework.web.filter.OncePerRequestFilter.doFilter(OncePerRequestFilter.java:116) ~[spring-web-7.0.3.jar:7.0.3]
	at org.apache.catalina.core.ApplicationFilterChain.doFilter(ApplicationFilterChain.java:107) ~[tomcat-embed-core-11.0.15.jar:11.0.15]
	at org.springframework.web.filter.CharacterEncodingFilter.doFilterInternal(CharacterEncodingFilter.java:199) ~[spring-web-7.0.3.jar:7.0.3]
	at org.springframework.web.filter.OncePerRequestFilter.doFilter(OncePerRequestFilter.java:116) ~[spring-web-7.0.3.jar:7.0.3]
	at org.apache.catalina.core.ApplicationFilterChain.doFilter(ApplicationFilterChain.java:107) ~[tomcat-embed-core-11.0.15.jar:11.0.15]
	at org.apache.catalina.core.StandardWrapperValve.invoke(StandardWrapperValve.java:165) ~[tomcat-embed-core-11.0.15.jar:11.0.15]
	at org.apache.catalina.core.StandardContextValve.invoke(StandardContextValve.java:77) ~[tomcat-embed-core-11.0.15.jar:11.0.15]
	at org.apache.catalina.authenticator.AuthenticatorBase.invoke(AuthenticatorBase.java:482) ~[tomcat-embed-core-11.0.15.jar:11.0.15]
	at org.apache.catalina.core.StandardHostValve.invoke(StandardHostValve.java:113) ~[tomcat-embed-core-11.0.15.jar:11.0.15]
	at org.apache.catalina.valves.ErrorReportValve.invoke(ErrorReportValve.java:83) ~[tomcat-embed-core-11.0.15.jar:11.0.15]
	at org.apache.catalina.core.StandardEngineValve.invoke(StandardEngineValve.java:72) ~[tomcat-embed-core-11.0.15.jar:11.0.15]
	at org.apache.catalina.connector.CoyoteAdapter.service(CoyoteAdapter.java:341) ~[tomcat-embed-core-11.0.15.jar:11.0.15]
	at org.apache.coyote.http11.Http11Processor.service(Http11Processor.java:397) ~[tomcat-embed-core-11.0.15.jar:11.0.15]
	at org.apache.coyote.AbstractProcessorLight.process(AbstractProcessorLight.java:63) ~[tomcat-embed-core-11.0.15.jar:11.0.15]
	at org.apache.coyote.AbstractProtocol$ConnectionHandler.process(AbstractProtocol.java:903) ~[tomcat-embed-core-11.0.15.jar:11.0.15]
	at org.apache.tomcat.util.net.NioEndpoint$SocketProcessor.doRun(NioEndpoint.java:1778) ~[tomcat-embed-core-11.0.15.jar:11.0.15]
	at org.apache.tomcat.util.net.SocketProcessorBase.run(SocketProcessorBase.java:52) ~[tomcat-embed-core-11.0.15.jar:11.0.15]
	at org.apache.tomcat.util.threads.ThreadPoolExecutor.runWorker(ThreadPoolExecutor.java:946) ~[tomcat-embed-core-11.0.15.jar:11.0.15]
	at org.apache.tomcat.util.threads.ThreadPoolExecutor$Worker.run(ThreadPoolExecutor.java:480) ~[tomcat-embed-core-11.0.15.jar:11.0.15]
	at org.apache.tomcat.util.threads.TaskThread$WrappingRunnable.run(TaskThread.java:57) ~[tomcat-embed-core-11.0.15.jar:11.0.15]
	at java.base/java.lang.Thread.run(Thread.java:1447) ~[na:na]

Hibernate: 
    select
        p1_0.id,
        p1_0.avatar_url,
        p1_0.buyer_type,
        p1_0.created_at,
        p1_0.email,
        p1_0.full_name,
        p1_0.nic_back_url,
        p1_0.nic_front_url,
        p1_0.proof_photo_url,
        p1_0.role,
        p1_0.status,
        p1_0.updated_at 
    from
        public.profiles p1_0 
    where
        p1_0.id=?
Hibernate: 
    insert 
    into
        public.profiles
        (avatar_url, buyer_type, created_at, email, full_name, nic_back_url, nic_front_url, proof_photo_url, role, status, updated_at, id) 
    values
        (?, ?, ?, ?, ?, ?, ?, ?, ?, ?, ?, ?)
Hibernate: 
    select
        p1_0.id,
        p1_0.avatar_url,
        p1_0.buyer_type,
        p1_0.created_at,
        p1_0.email,
        p1_0.full_name,
        p1_0.nic_back_url,
        p1_0.nic_front_url,
        p1_0.proof_photo_url,
        p1_0.role,
        p1_0.status,
        p1_0.updated_at 
    from
        public.profiles p1_0 
    where
        p1_0.id=?
Hibernate: 
    select
        p1_0.id,
        p1_0.avatar_url,
        p1_0.buyer_type,
        p1_0.created_at,
        p1_0.email,
        p1_0.full_name,
        p1_0.nic_back_url,
        p1_0.nic_front_url,
        p1_0.proof_photo_url,
        p1_0.role,
        p1_0.status,
        p1_0.updated_at 
    from
        public.profiles p1_0 
    where
        p1_0.id=?
Hibernate: 
    select
        p1_0.id,
        p1_0.avatar_url,
        p1_0.buyer_type,
        p1_0.created_at,
        p1_0.email,
        p1_0.full_name,
        p1_0.nic_back_url,
        p1_0.nic_front_url,
        p1_0.proof_photo_url,
        p1_0.role,
        p1_0.status,
        p1_0.updated_at 
    from
        public.profiles p1_0 
    where
        p1_0.id=?
Hibernate: 
    select
        p1_0.id,
        p1_0.avatar_url,
        p1_0.buyer_type,
        p1_0.created_at,
        p1_0.email,
        p1_0.full_name,
        p1_0.nic_back_url,
        p1_0.nic_front_url,
        p1_0.proof_photo_url,
        p1_0.role,
        p1_0.status,
        p1_0.updated_at 
    from
        public.profiles p1_0 
    where
        p1_0.id=?
Hibernate: 
    select
        p1_0.id,
        p1_0.avatar_url,
        p1_0.buyer_type,
        p1_0.created_at,
        p1_0.email,
        p1_0.full_name,
        p1_0.nic_back_url,
        p1_0.nic_front_url,
        p1_0.proof_photo_url,
        p1_0.role,
        p1_0.status,
        p1_0.updated_at 
    from
        public.profiles p1_0 
    where
        p1_0.id=?
Hibernate: 
    select
        p1_0.id,
        p1_0.avatar_url,
        p1_0.buyer_type,
        p1_0.created_at,
        p1_0.email,
        p1_0.full_name,
        p1_0.nic_back_url,
        p1_0.nic_front_url,
        p1_0.proof_photo_url,
        p1_0.role,
        p1_0.status,
        p1_0.updated_at 
    from
        public.profiles p1_0 
    where
        p1_0.id=?
Hibernate: 
    select
        p1_0.id,
        p1_0.avatar_url,
        p1_0.buyer_type,
        p1_0.created_at,
        p1_0.email,
        p1_0.full_name,
        p1_0.nic_back_url,
        p1_0.nic_front_url,
        p1_0.proof_photo_url,
        p1_0.role,
        p1_0.status,
        p1_0.updated_at 
    from
        public.profiles p1_0 
    where
        p1_0.id=?
Hibernate: 
    select
        p1_0.id,
        p1_0.avatar_url,
        p1_0.buyer_type,
        p1_0.created_at,
        p1_0.email,
        p1_0.full_name,
        p1_0.nic_back_url,
        p1_0.nic_front_url,
        p1_0.proof_photo_url,
        p1_0.role,
        p1_0.status,
        p1_0.updated_at 
    from
        public.profiles p1_0 
    where
        p1_0.id=?
Hibernate: 
    select
        p1_0.id,
        p1_0.avatar_url,
        p1_0.buyer_type,
        p1_0.created_at,
        p1_0.email,
        p1_0.full_name,
        p1_0.nic_back_url,
        p1_0.nic_front_url,
        p1_0.proof_photo_url,
        p1_0.role,
        p1_0.status,
        p1_0.updated_at 
    from
        public.profiles p1_0 
    where
        p1_0.id=?
Hibernate: 
    select
        p1_0.id,
        p1_0.avatar_url,
        p1_0.buyer_type,
        p1_0.created_at,
        p1_0.email,
        p1_0.full_name,
        p1_0.nic_back_url,
        p1_0.nic_front_url,
        p1_0.proof_photo_url,
        p1_0.role,
        p1_0.status,
        p1_0.updated_at 
    from
        public.profiles p1_0 
    where
        p1_0.id=?
Hibernate: 
    select
        p1_0.id,
        p1_0.avatar_url,
        p1_0.buyer_type,
        p1_0.created_at,
        p1_0.email,
        p1_0.full_name,
        p1_0.nic_back_url,
        p1_0.nic_front_url,
        p1_0.proof_photo_url,
        p1_0.role,
        p1_0.status,
        p1_0.updated_at 
    from
        public.profiles p1_0 
    where
        p1_0.id=?
Hibernate: 
    select
        p1_0.id,
        p1_0.avatar_url,
        p1_0.buyer_type,
        p1_0.created_at,
        p1_0.email,
        p1_0.full_name,
        p1_0.nic_back_url,
        p1_0.nic_front_url,
        p1_0.proof_photo_url,
        p1_0.role,
        p1_0.status,
        p1_0.updated_at 
    from
        public.profiles p1_0 
    where
        p1_0.id=?
Hibernate: 
    select
        p1_0.id,
        p1_0.avatar_url,
        p1_0.buyer_type,
        p1_0.created_at,
        p1_0.email,
        p1_0.full_name,
        p1_0.nic_back_url,
        p1_0.nic_front_url,
        p1_0.proof_photo_url,
        p1_0.role,
        p1_0.status,
        p1_0.updated_at 
    from
        public.profiles p1_0 
    where
        p1_0.id=?
Hibernate: 
    select
        p1_0.id,
        p1_0.avatar_url,
        p1_0.buyer_type,
        p1_0.created_at,
        p1_0.email,
        p1_0.full_name,
        p1_0.nic_back_url,
        p1_0.nic_front_url,
        p1_0.proof_photo_url,
        p1_0.role,
        p1_0.status,
        p1_0.updated_at 
    from
        public.profiles p1_0 
    where
        p1_0.id=?
Hibernate: 
    insert 
    into
        public.profiles
        (avatar_url, buyer_type, created_at, email, full_name, nic_back_url, nic_front_url, proof_photo_url, role, status, updated_at, id) 
    values
        (?, ?, ?, ?, ?, ?, ?, ?, ?, ?, ?, ?)
Hibernate: 
    select
        p1_0.id,
        p1_0.avatar_url,
        p1_0.buyer_type,
        p1_0.created_at,
        p1_0.email,
        p1_0.full_name,
        p1_0.nic_back_url,
        p1_0.nic_front_url,
        p1_0.proof_photo_url,
        p1_0.role,
        p1_0.status,
        p1_0.updated_at 
    from
        public.profiles p1_0 
    where
        p1_0.id=?
Hibernate: 
    select
        p1_0.id,
        p1_0.avatar_url,
        p1_0.buyer_type,
        p1_0.created_at,
        p1_0.email,
        p1_0.full_name,
        p1_0.nic_back_url,
        p1_0.nic_front_url,
        p1_0.proof_photo_url,
        p1_0.role,
        p1_0.status,
        p1_0.updated_at 
    from
        public.profiles p1_0 
    where
        p1_0.id=?
Hibernate: 
    select
        p1_0.id,
        p1_0.avatar_url,
        p1_0.buyer_type,
        p1_0.created_at,
        p1_0.email,
        p1_0.full_name,
        p1_0.nic_back_url,
        p1_0.nic_front_url,
        p1_0.proof_photo_url,
        p1_0.role,
        p1_0.status,
        p1_0.updated_at 
    from
        public.profiles p1_0 
    where
        p1_0.id=?
Hibernate: 
    update
        public.profiles 
    set
        avatar_url=?,
        buyer_type=?,
        created_at=?,
        email=?,
        full_name=?,
        nic_back_url=?,
        nic_front_url=?,
        proof_photo_url=?,
        role=?,
        status=?,
        updated_at=? 
    where
        id=?
Hibernate: 
    select
        p1_0.id,
        p1_0.avatar_url,
        p1_0.buyer_type,
        p1_0.created_at,
        p1_0.email,
        p1_0.full_name,
        p1_0.nic_back_url,
        p1_0.nic_front_url,
        p1_0.proof_photo_url,
        p1_0.role,
        p1_0.status,
        p1_0.updated_at 
    from
        public.profiles p1_0 
    where
        p1_0.id=?
Hibernate: 
    select
        p1_0.id,
        p1_0.avatar_url,
        p1_0.buyer_type,
        p1_0.created_at,
        p1_0.email,
        p1_0.full_name,
        p1_0.nic_back_url,
        p1_0.nic_front_url,
        p1_0.proof_photo_url,
        p1_0.role,
        p1_0.status,
        p1_0.updated_at 
    from
        public.profiles p1_0 
    where
        p1_0.id=?
Hibernate: 
    select
        p1_0.id,
        p1_0.avatar_url,
        p1_0.buyer_type,
        p1_0.created_at,
        p1_0.email,
        p1_0.full_name,
        p1_0.nic_back_url,
        p1_0.nic_front_url,
        p1_0.proof_photo_url,
        p1_0.role,
        p1_0.status,
        p1_0.updated_at 
    from
        public.profiles p1_0 
    where
        p1_0.id=?
Hibernate: 
    select
        p1_0.id,
        p1_0.avatar_url,
        p1_0.buyer_type,
        p1_0.created_at,
        p1_0.email,
        p1_0.full_name,
        p1_0.nic_back_url,
        p1_0.nic_front_url,
        p1_0.proof_photo_url,
        p1_0.role,
        p1_0.status,
        p1_0.updated_at 
    from
        public.profiles p1_0 
    where
        p1_0.id=?
Hibernate: 
    select
        p1_0.id,
        p1_0.avatar_url,
        p1_0.buyer_type,
        p1_0.created_at,
        p1_0.email,
        p1_0.full_name,
        p1_0.nic_back_url,
        p1_0.nic_front_url,
        p1_0.proof_photo_url,
        p1_0.role,
        p1_0.status,
        p1_0.updated_at 
    from
        public.profiles p1_0 
    where
        p1_0.id=?
Hibernate: 
    select
        p1_0.id,
        p1_0.avatar_url,
        p1_0.buyer_type,
        p1_0.created_at,
        p1_0.email,
        p1_0.full_name,
        p1_0.nic_back_url,
        p1_0.nic_front_url,
        p1_0.proof_photo_url,
        p1_0.role,
        p1_0.status,
        p1_0.updated_at 
    from
        public.profiles p1_0 
    where
        p1_0.id=?
Hibernate: 
    select
        p1_0.id,
        p1_0.avatar_url,
        p1_0.buyer_type,
        p1_0.created_at,
        p1_0.email,
        p1_0.full_name,
        p1_0.nic_back_url,
        p1_0.nic_front_url,
        p1_0.proof_photo_url,
        p1_0.role,
        p1_0.status,
        p1_0.updated_at 
    from
        public.profiles p1_0 
    where
        p1_0.id=?
Hibernate: 
    select
        p1_0.id,
        p1_0.avatar_url,
        p1_0.buyer_type,
        p1_0.created_at,
        p1_0.email,
        p1_0.full_name,
        p1_0.nic_back_url,
        p1_0.nic_front_url,
        p1_0.proof_photo_url,
        p1_0.role,
        p1_0.status,
        p1_0.updated_at 
    from
        public.profiles p1_0 
    where
        p1_0.id=?
Hibernate: 
    select
        p1_0.id,
        p1_0.avatar_url,
        p1_0.buyer_type,
        p1_0.created_at,
        p1_0.email,
        p1_0.full_name,
        p1_0.nic_back_url,
        p1_0.nic_front_url,
        p1_0.proof_photo_url,
        p1_0.role,
        p1_0.status,
        p1_0.updated_at 
    from
        public.profiles p1_0 
    where
        p1_0.id=?
Hibernate: 
    select
        p1_0.id,
        p1_0.avatar_url,
        p1_0.buyer_type,
        p1_0.created_at,
        p1_0.email,
        p1_0.full_name,
        p1_0.nic_back_url,
        p1_0.nic_front_url,
        p1_0.proof_photo_url,
        p1_0.role,
        p1_0.status,
        p1_0.updated_at 
    from
        public.profiles p1_0 
    where
        p1_0.id=?
Hibernate: 
    select
        p1_0.id,
        p1_0.avatar_url,
        p1_0.buyer_type,
        p1_0.created_at,
        p1_0.email,
        p1_0.full_name,
        p1_0.nic_back_url,
        p1_0.nic_front_url,
        p1_0.proof_photo_url,
        p1_0.role,
        p1_0.status,
        p1_0.updated_at 
    from
        public.profiles p1_0 
    where
        p1_0.id=?
Hibernate: 
    select
        p1_0.id,
        p1_0.avatar_url,
        p1_0.buyer_type,
        p1_0.created_at,
        p1_0.email,
        p1_0.full_name,
        p1_0.nic_back_url,
        p1_0.nic_front_url,
        p1_0.proof_photo_url,
        p1_0.role,
        p1_0.status,
        p1_0.updated_at 
    from
        public.profiles p1_0 
    where
        p1_0.id=?
Hibernate: 
    select
        p1_0.id,
        p1_0.avatar_url,
        p1_0.buyer_type,
        p1_0.created_at,
        p1_0.email,
        p1_0.full_name,
        p1_0.nic_back_url,
        p1_0.nic_front_url,
        p1_0.proof_photo_url,
        p1_0.role,
        p1_0.status,
        p1_0.updated_at 
    from
        public.profiles p1_0 
    where
        p1_0.status in (?, ?)
Hibernate: 
    select
        p1_0.id,
        p1_0.avatar_url,
        p1_0.buyer_type,
        p1_0.created_at,
        p1_0.email,
        p1_0.full_name,
        p1_0.nic_back_url,
        p1_0.nic_front_url,
        p1_0.proof_photo_url,
        p1_0.role,
        p1_0.status,
        p1_0.updated_at 
    from
        public.profiles p1_0 
    where
        p1_0.status in (?, ?)
Hibernate: 
    select
        p1_0.id,
        p1_0.avatar_url,
        p1_0.buyer_type,
        p1_0.created_at,
        p1_0.email,
        p1_0.full_name,
        p1_0.nic_back_url,
        p1_0.nic_front_url,
        p1_0.proof_photo_url,
        p1_0.role,
        p1_0.status,
        p1_0.updated_at 
    from
        public.profiles p1_0 
    where
        p1_0.id=?
Hibernate: 
    update
        public.profiles 
    set
        avatar_url=?,
        buyer_type=?,
        created_at=?,
        email=?,
        full_name=?,
        nic_back_url=?,
        nic_front_url=?,
        proof_photo_url=?,
        role=?,
        status=?,
        updated_at=? 
    where
        id=?
Hibernate: 
    select
        p1_0.id,
        p1_0.avatar_url,
        p1_0.buyer_type,
        p1_0.created_at,
        p1_0.email,
        p1_0.full_name,
        p1_0.nic_back_url,
        p1_0.nic_front_url,
        p1_0.proof_photo_url,
        p1_0.role,
        p1_0.status,
        p1_0.updated_at 
    from
        public.profiles p1_0 
    where
        p1_0.status in (?, ?)
Hibernate: 
    select
        p1_0.id,
        p1_0.avatar_url,
        p1_0.buyer_type,
        p1_0.created_at,
        p1_0.email,
        p1_0.full_name,
        p1_0.nic_back_url,
        p1_0.nic_front_url,
        p1_0.proof_photo_url,
        p1_0.role,
        p1_0.status,
        p1_0.updated_at 
    from
        public.profiles p1_0 
    where
        p1_0.status in (?, ?)
Hibernate: 
    select
        p1_0.id,
        p1_0.avatar_url,
        p1_0.buyer_type,
        p1_0.created_at,
        p1_0.email,
        p1_0.full_name,
        p1_0.nic_back_url,
        p1_0.nic_front_url,
        p1_0.proof_photo_url,
        p1_0.role,
        p1_0.status,
        p1_0.updated_at 
    from
        public.profiles p1_0 
    where
        p1_0.id=?
Hibernate: 
    select
        p1_0.id,
        p1_0.avatar_url,
        p1_0.buyer_type,
        p1_0.created_at,
        p1_0.email,
        p1_0.full_name,
        p1_0.nic_back_url,
        p1_0.nic_front_url,
        p1_0.proof_photo_url,
        p1_0.role,
        p1_0.status,
        p1_0.updated_at 
    from
        public.profiles p1_0 
    where
        p1_0.id=?
Hibernate: 
    select
        p1_0.id,
        p1_0.avatar_url,
        p1_0.buyer_type,
        p1_0.created_at,
        p1_0.email,
        p1_0.full_name,
        p1_0.nic_back_url,
        p1_0.nic_front_url,
        p1_0.proof_photo_url,
        p1_0.role,
        p1_0.status,
        p1_0.updated_at 
    from
        public.profiles p1_0 
    where
        p1_0.id=?
Hibernate: 
    select
        p1_0.id,
        p1_0.avatar_url,
        p1_0.buyer_type,
        p1_0.created_at,
        p1_0.email,
        p1_0.full_name,
        p1_0.nic_back_url,
        p1_0.nic_front_url,
        p1_0.proof_photo_url,
        p1_0.role,
        p1_0.status,
        p1_0.updated_at 
    from
        public.profiles p1_0 
    where
        p1_0.id=?
Hibernate: 
    select
        p1_0.id,
        p1_0.avatar_url,
        p1_0.buyer_type,
        p1_0.created_at,
        p1_0.email,
        p1_0.full_name,
        p1_0.nic_back_url,
        p1_0.nic_front_url,
        p1_0.proof_photo_url,
        p1_0.role,
        p1_0.status,
        p1_0.updated_at 
    from
        public.profiles p1_0 
    where
        p1_0.id=?
Hibernate: 
    select
        p1_0.id,
        p1_0.avatar_url,
        p1_0.buyer_type,
        p1_0.created_at,
        p1_0.email,
        p1_0.full_name,
        p1_0.nic_back_url,
        p1_0.nic_front_url,
        p1_0.proof_photo_url,
        p1_0.role,
        p1_0.status,
        p1_0.updated_at 
    from
        public.profiles p1_0 
    where
        p1_0.id=?
Hibernate: 
    select
        p1_0.id,
        p1_0.avatar_url,
        p1_0.buyer_type,
        p1_0.created_at,
        p1_0.email,
        p1_0.full_name,
        p1_0.nic_back_url,
        p1_0.nic_front_url,
        p1_0.proof_photo_url,
        p1_0.role,
        p1_0.status,
        p1_0.updated_at 
    from
        public.profiles p1_0 
    where
        p1_0.id=?
Hibernate: 
    select
        p1_0.id,
        p1_0.avatar_url,
        p1_0.buyer_type,
        p1_0.created_at,
        p1_0.email,
        p1_0.full_name,
        p1_0.nic_back_url,
        p1_0.nic_front_url,
        p1_0.proof_photo_url,
        p1_0.role,
        p1_0.status,
        p1_0.updated_at 
    from
        public.profiles p1_0 
    where
        p1_0.id=?
Hibernate: 
    select
        p1_0.id,
        p1_0.avatar_url,
        p1_0.buyer_type,
        p1_0.created_at,
        p1_0.email,
        p1_0.full_name,
        p1_0.nic_back_url,
        p1_0.nic_front_url,
        p1_0.proof_photo_url,
        p1_0.role,
        p1_0.status,
        p1_0.updated_at 
    from
        public.profiles p1_0 
    where
        p1_0.id=?
Hibernate: 
    select
        p1_0.id,
        p1_0.avatar_url,
        p1_0.buyer_type,
        p1_0.created_at,
        p1_0.email,
        p1_0.full_name,
        p1_0.nic_back_url,
        p1_0.nic_front_url,
        p1_0.proof_photo_url,
        p1_0.role,
        p1_0.status,
        p1_0.updated_at 
    from
        public.profiles p1_0 
    where
        p1_0.id=?
Hibernate: 
    select
        p1_0.id,
        p1_0.avatar_url,
        p1_0.buyer_type,
        p1_0.created_at,
        p1_0.email,
        p1_0.full_name,
        p1_0.nic_back_url,
        p1_0.nic_front_url,
        p1_0.proof_photo_url,
        p1_0.role,
        p1_0.status,
        p1_0.updated_at 
    from
        public.profiles p1_0 
    where
        p1_0.id=?
Hibernate: 
    select
        p1_0.id,
        p1_0.avatar_url,
        p1_0.buyer_type,
        p1_0.created_at,
        p1_0.email,
        p1_0.full_name,
        p1_0.nic_back_url,
        p1_0.nic_front_url,
        p1_0.proof_photo_url,
        p1_0.role,
        p1_0.status,
        p1_0.updated_at 
    from
        public.profiles p1_0 
    where
        p1_0.id=?
Hibernate: 
    select
        p1_0.id,
        p1_0.avatar_url,
        p1_0.buyer_type,
        p1_0.created_at,
        p1_0.email,
        p1_0.full_name,
        p1_0.nic_back_url,
        p1_0.nic_front_url,
        p1_0.proof_photo_url,
        p1_0.role,
        p1_0.status,
        p1_0.updated_at 
    from
        public.profiles p1_0 
    where
        p1_0.id=?
Hibernate: 
    select
        p1_0.id,
        p1_0.avatar_url,
        p1_0.buyer_type,
        p1_0.created_at,
        p1_0.email,
        p1_0.full_name,
        p1_0.nic_back_url,
        p1_0.nic_front_url,
        p1_0.proof_photo_url,
        p1_0.role,
        p1_0.status,
        p1_0.updated_at 
    from
        public.profiles p1_0 
    where
        p1_0.id=?
Hibernate: 
    select
        p1_0.id,
        p1_0.avatar_url,
        p1_0.buyer_type,
        p1_0.created_at,
        p1_0.email,
        p1_0.full_name,
        p1_0.nic_back_url,
        p1_0.nic_front_url,
        p1_0.proof_photo_url,
        p1_0.role,
        p1_0.status,
        p1_0.updated_at 
    from
        public.profiles p1_0 
    where
        p1_0.id=?
Hibernate: 
    select
        p1_0.id,
        p1_0.avatar_url,
        p1_0.buyer_type,
        p1_0.created_at,
        p1_0.email,
        p1_0.full_name,
        p1_0.nic_back_url,
        p1_0.nic_front_url,
        p1_0.proof_photo_url,
        p1_0.role,
        p1_0.status,
        p1_0.updated_at 
    from
        public.profiles p1_0 
    where
        p1_0.id=?
Hibernate: 
    select
        p1_0.id,
        p1_0.avatar_url,
        p1_0.buyer_type,
        p1_0.created_at,
        p1_0.email,
        p1_0.full_name,
        p1_0.nic_back_url,
        p1_0.nic_front_url,
        p1_0.proof_photo_url,
        p1_0.role,
        p1_0.status,
        p1_0.updated_at 
    from
        public.profiles p1_0 
    where
        p1_0.id=?
Hibernate: 
    select
        p1_0.id,
        p1_0.avatar_url,
        p1_0.buyer_type,
        p1_0.created_at,
        p1_0.email,
        p1_0.full_name,
        p1_0.nic_back_url,
        p1_0.nic_front_url,
        p1_0.proof_photo_url,
        p1_0.role,
        p1_0.status,
        p1_0.updated_at 
    from
        public.profiles p1_0 
    where
        p1_0.id=?
Hibernate: 
    select
        p1_0.id,
        p1_0.avatar_url,
        p1_0.buyer_type,
        p1_0.created_at,
        p1_0.email,
        p1_0.full_name,
        p1_0.nic_back_url,
        p1_0.nic_front_url,
        p1_0.proof_photo_url,
        p1_0.role,
        p1_0.status,
        p1_0.updated_at 
    from
        public.profiles p1_0 
    where
        p1_0.id=?
Hibernate: 
    select
        p1_0.id,
        p1_0.avatar_url,
        p1_0.buyer_type,
        p1_0.created_at,
        p1_0.email,
        p1_0.full_name,
        p1_0.nic_back_url,
        p1_0.nic_front_url,
        p1_0.proof_photo_url,
        p1_0.role,
        p1_0.status,
        p1_0.updated_at 
    from
        public.profiles p1_0 
    where
        p1_0.id=?
Hibernate: 
    select
        p1_0.id,
        p1_0.avatar_url,
        p1_0.buyer_type,
        p1_0.created_at,
        p1_0.email,
        p1_0.full_name,
        p1_0.nic_back_url,
        p1_0.nic_front_url,
        p1_0.proof_photo_url,
        p1_0.role,
        p1_0.status,
        p1_0.updated_at 
    from
        public.profiles p1_0 
    where
        p1_0.id=?
Hibernate: 
    select
        p1_0.id,
        p1_0.avatar_url,
        p1_0.buyer_type,
        p1_0.created_at,
        p1_0.email,
        p1_0.full_name,
        p1_0.nic_back_url,
        p1_0.nic_front_url,
        p1_0.proof_photo_url,
        p1_0.role,
        p1_0.status,
        p1_0.updated_at 
    from
        public.profiles p1_0 
    where
        p1_0.id=?
Hibernate: 
    select
        p1_0.id,
        p1_0.avatar_url,
        p1_0.buyer_type,
        p1_0.created_at,
        p1_0.email,
        p1_0.full_name,
        p1_0.nic_back_url,
        p1_0.nic_front_url,
        p1_0.proof_photo_url,
        p1_0.role,
        p1_0.status,
        p1_0.updated_at 
    from
        public.profiles p1_0 
    where
        p1_0.id=?
Hibernate: 
    select
        p1_0.id,
        p1_0.avatar_url,
        p1_0.buyer_type,
        p1_0.created_at,
        p1_0.email,
        p1_0.full_name,
        p1_0.nic_back_url,
        p1_0.nic_front_url,
        p1_0.proof_photo_url,
        p1_0.role,
        p1_0.status,
        p1_0.updated_at 
    from
        public.profiles p1_0 
    where
        p1_0.id=?
Hibernate: 
    select
        p1_0.id,
        p1_0.avatar_url,
        p1_0.buyer_type,
        p1_0.created_at,
        p1_0.email,
        p1_0.full_name,
        p1_0.nic_back_url,
        p1_0.nic_front_url,
        p1_0.proof_photo_url,
        p1_0.role,
        p1_0.status,
        p1_0.updated_at 
    from
        public.profiles p1_0 
    where
        p1_0.id=?
Hibernate: 
    select
        p1_0.id,
        p1_0.avatar_url,
        p1_0.buyer_type,
        p1_0.created_at,
        p1_0.email,
        p1_0.full_name,
        p1_0.nic_back_url,
        p1_0.nic_front_url,
        p1_0.proof_photo_url,
        p1_0.role,
        p1_0.status,
        p1_0.updated_at 
    from
        public.profiles p1_0 
    where
        p1_0.id=?
Hibernate: 
    insert 
    into
        public.profiles
        (avatar_url, buyer_type, created_at, email, full_name, nic_back_url, nic_front_url, proof_photo_url, role, status, updated_at, id) 
    values
        (?, ?, ?, ?, ?, ?, ?, ?, ?, ?, ?, ?)
Hibernate: 
    select
        p1_0.id,
        p1_0.avatar_url,
        p1_0.buyer_type,
        p1_0.created_at,
        p1_0.email,
        p1_0.full_name,
        p1_0.nic_back_url,
        p1_0.nic_front_url,
        p1_0.proof_photo_url,
        p1_0.role,
        p1_0.status,
        p1_0.updated_at 
    from
        public.profiles p1_0 
    where
        p1_0.id=?
Hibernate: 
    select
        p1_0.id,
        p1_0.avatar_url,
        p1_0.buyer_type,
        p1_0.created_at,
        p1_0.email,
        p1_0.full_name,
        p1_0.nic_back_url,
        p1_0.nic_front_url,
        p1_0.proof_photo_url,
        p1_0.role,
        p1_0.status,
        p1_0.updated_at 
    from
        public.profiles p1_0 
    where
        p1_0.id=?
Hibernate: 
    select
        p1_0.id,
        p1_0.avatar_url,
        p1_0.buyer_type,
        p1_0.created_at,
        p1_0.email,
        p1_0.full_name,
        p1_0.nic_back_url,
        p1_0.nic_front_url,
        p1_0.proof_photo_url,
        p1_0.role,
        p1_0.status,
        p1_0.updated_at 
    from
        public.profiles p1_0 
    where
        p1_0.id=?
Hibernate: 
    select
        p1_0.id,
        p1_0.avatar_url,
        p1_0.buyer_type,
        p1_0.created_at,
        p1_0.email,
        p1_0.full_name,
        p1_0.nic_back_url,
        p1_0.nic_front_url,
        p1_0.proof_photo_url,
        p1_0.role,
        p1_0.status,
        p1_0.updated_at 
    from
        public.profiles p1_0 
    where
        p1_0.id=?
Hibernate: 
    update
        public.profiles 
    set
        avatar_url=?,
        buyer_type=?,
        created_at=?,
        email=?,
        full_name=?,
        nic_back_url=?,
        nic_front_url=?,
        proof_photo_url=?,
        role=?,
        status=?,
        updated_at=? 
    where
        id=?
Hibernate: 
    select
        p1_0.id,
        p1_0.avatar_url,
        p1_0.buyer_type,
        p1_0.created_at,
        p1_0.email,
        p1_0.full_name,
        p1_0.nic_back_url,
        p1_0.nic_front_url,
        p1_0.proof_photo_url,
        p1_0.role,
        p1_0.status,
        p1_0.updated_at 
    from
        public.profiles p1_0 
    where
        p1_0.id=?
Hibernate: 
    select
        p1_0.id,
        p1_0.avatar_url,
        p1_0.buyer_type,
        p1_0.created_at,
        p1_0.email,
        p1_0.full_name,
        p1_0.nic_back_url,
        p1_0.nic_front_url,
        p1_0.proof_photo_url,
        p1_0.role,
        p1_0.status,
        p1_0.updated_at 
    from
        public.profiles p1_0 
    where
        p1_0.id=?
Hibernate: 
    select
        p1_0.id,
        p1_0.avatar_url,
        p1_0.buyer_type,
        p1_0.created_at,
        p1_0.email,
        p1_0.full_name,
        p1_0.nic_back_url,
        p1_0.nic_front_url,
        p1_0.proof_photo_url,
        p1_0.role,
        p1_0.status,
        p1_0.updated_at 
    from
        public.profiles p1_0 
    where
        p1_0.status in (?, ?)
Hibernate: 
    select
        p1_0.id,
        p1_0.avatar_url,
        p1_0.buyer_type,
        p1_0.created_at,
        p1_0.email,
        p1_0.full_name,
        p1_0.nic_back_url,
        p1_0.nic_front_url,
        p1_0.proof_photo_url,
        p1_0.role,
        p1_0.status,
        p1_0.updated_at 
    from
        public.profiles p1_0 
    where
        p1_0.status in (?, ?)
Hibernate: 
    select
        p1_0.id,
        p1_0.avatar_url,
        p1_0.buyer_type,
        p1_0.created_at,
        p1_0.email,
        p1_0.full_name,
        p1_0.nic_back_url,
        p1_0.nic_front_url,
        p1_0.proof_photo_url,
        p1_0.role,
        p1_0.status,
        p1_0.updated_at 
    from
        public.profiles p1_0 
    where
        p1_0.status in (?, ?)
Hibernate: 
    select
        p1_0.id,
        p1_0.avatar_url,
        p1_0.buyer_type,
        p1_0.created_at,
        p1_0.email,
        p1_0.full_name,
        p1_0.nic_back_url,
        p1_0.nic_front_url,
        p1_0.proof_photo_url,
        p1_0.role,
        p1_0.status,
        p1_0.updated_at 
    from
        public.profiles p1_0 
    where
        p1_0.status in (?, ?)
Hibernate: 
    select
        p1_0.id,
        p1_0.avatar_url,
        p1_0.buyer_type,
        p1_0.created_at,
        p1_0.email,
        p1_0.full_name,
        p1_0.nic_back_url,
        p1_0.nic_front_url,
        p1_0.proof_photo_url,
        p1_0.role,
        p1_0.status,
        p1_0.updated_at 
    from
        public.profiles p1_0 
    where
        p1_0.status in (?, ?)
Hibernate: 
    select
        p1_0.id,
        p1_0.avatar_url,
        p1_0.buyer_type,
        p1_0.created_at,
        p1_0.email,
        p1_0.full_name,
        p1_0.nic_back_url,
        p1_0.nic_front_url,
        p1_0.proof_photo_url,
        p1_0.role,
        p1_0.status,
        p1_0.updated_at 
    from
        public.profiles p1_0 
    where
        p1_0.status in (?, ?)
Hibernate: 
    select
        p1_0.id,
        p1_0.avatar_url,
        p1_0.buyer_type,
        p1_0.created_at,
        p1_0.email,
        p1_0.full_name,
        p1_0.nic_back_url,
        p1_0.nic_front_url,
        p1_0.proof_photo_url,
        p1_0.role,
        p1_0.status,
        p1_0.updated_at 
    from
        public.profiles p1_0 
    where
        p1_0.status in (?, ?)
Hibernate: 
    select
        p1_0.id,
        p1_0.avatar_url,
        p1_0.buyer_type,
        p1_0.created_at,
        p1_0.email,
        p1_0.full_name,
        p1_0.nic_back_url,
        p1_0.nic_front_url,
        p1_0.proof_photo_url,
        p1_0.role,
        p1_0.status,
        p1_0.updated_at 
    from
        public.profiles p1_0 
    where
        p1_0.status in (?, ?)
Hibernate: 
    select
        p1_0.id,
        p1_0.avatar_url,
        p1_0.buyer_type,
        p1_0.created_at,
        p1_0.email,
        p1_0.full_name,
        p1_0.nic_back_url,
        p1_0.nic_front_url,
        p1_0.proof_photo_url,
        p1_0.role,
        p1_0.status,
        p1_0.updated_at 
    from
        public.profiles p1_0 
    where
        p1_0.status in (?, ?)
Hibernate: 
    select
        p1_0.id,
        p1_0.avatar_url,
        p1_0.buyer_type,
        p1_0.created_at,
        p1_0.email,
        p1_0.full_name,
        p1_0.nic_back_url,
        p1_0.nic_front_url,
        p1_0.proof_photo_url,
        p1_0.role,
        p1_0.status,
        p1_0.updated_at 
    from
        public.profiles p1_0 
    where
        p1_0.status in (?, ?)
Hibernate: 
    select
        p1_0.id,
        p1_0.avatar_url,
        p1_0.buyer_type,
        p1_0.created_at,
        p1_0.email,
        p1_0.full_name,
        p1_0.nic_back_url,
        p1_0.nic_front_url,
        p1_0.proof_photo_url,
        p1_0.role,
        p1_0.status,
        p1_0.updated_at 
    from
        public.profiles p1_0 
    where
        p1_0.id=?
Hibernate: 
    insert 
    into
        public.profiles
        (avatar_url, buyer_type, created_at, email, full_name, nic_back_url, nic_front_url, proof_photo_url, role, status, updated_at, id) 
    values
        (?, ?, ?, ?, ?, ?, ?, ?, ?, ?, ?, ?)
Hibernate: 
    select
        p1_0.id,
        p1_0.avatar_url,
        p1_0.buyer_type,
        p1_0.created_at,
        p1_0.email,
        p1_0.full_name,
        p1_0.nic_back_url,
        p1_0.nic_front_url,
        p1_0.proof_photo_url,
        p1_0.role,
        p1_0.status,
        p1_0.updated_at 
    from
        public.profiles p1_0 
    where
        p1_0.id=?
Hibernate: 
    select
        p1_0.id,
        p1_0.avatar_url,
        p1_0.buyer_type,
        p1_0.created_at,
        p1_0.email,
        p1_0.full_name,
        p1_0.nic_back_url,
        p1_0.nic_front_url,
        p1_0.proof_photo_url,
        p1_0.role,
        p1_0.status,
        p1_0.updated_at 
    from
        public.profiles p1_0 
    where
        p1_0.id=?
Hibernate: 
    select
        p1_0.id,
        p1_0.avatar_url,
        p1_0.buyer_type,
        p1_0.created_at,
        p1_0.email,
        p1_0.full_name,
        p1_0.nic_back_url,
        p1_0.nic_front_url,
        p1_0.proof_photo_url,
        p1_0.role,
        p1_0.status,
        p1_0.updated_at 
    from
        public.profiles p1_0 
    where
        p1_0.id=?
Hibernate: 
    update
        public.profiles 
    set
        avatar_url=?,
        buyer_type=?,
        created_at=?,
        email=?,
        full_name=?,
        nic_back_url=?,
        nic_front_url=?,
        proof_photo_url=?,
        role=?,
        status=?,
        updated_at=? 
    where
        id=?
Hibernate: 
    select
        p1_0.id,
        p1_0.avatar_url,
        p1_0.buyer_type,
        p1_0.created_at,
        p1_0.email,
        p1_0.full_name,
        p1_0.nic_back_url,
        p1_0.nic_front_url,
        p1_0.proof_photo_url,
        p1_0.role,
        p1_0.status,
        p1_0.updated_at 
    from
        public.profiles p1_0 
    where
        p1_0.id=?
Hibernate: 
    select
        p1_0.id,
        p1_0.avatar_url,
        p1_0.buyer_type,
        p1_0.created_at,
        p1_0.email,
        p1_0.full_name,
        p1_0.nic_back_url,
        p1_0.nic_front_url,
        p1_0.proof_photo_url,
        p1_0.role,
        p1_0.status,
        p1_0.updated_at 
    from
        public.profiles p1_0 
    where
        p1_0.id=?
Hibernate: 
    select
        p1_0.id,
        p1_0.avatar_url,
        p1_0.buyer_type,
        p1_0.created_at,
        p1_0.email,
        p1_0.full_name,
        p1_0.nic_back_url,
        p1_0.nic_front_url,
        p1_0.proof_photo_url,
        p1_0.role,
        p1_0.status,
        p1_0.updated_at 
    from
        public.profiles p1_0 
    where
        p1_0.status in (?, ?)
Hibernate: 
    select
        p1_0.id,
        p1_0.avatar_url,
        p1_0.buyer_type,
        p1_0.created_at,
        p1_0.email,
        p1_0.full_name,
        p1_0.nic_back_url,
        p1_0.nic_front_url,
        p1_0.proof_photo_url,
        p1_0.role,
        p1_0.status,
        p1_0.updated_at 
    from
        public.profiles p1_0 
    where
        p1_0.status in (?, ?)
Hibernate: 
    select
        p1_0.id,
        p1_0.avatar_url,
        p1_0.buyer_type,
        p1_0.created_at,
        p1_0.email,
        p1_0.full_name,
        p1_0.nic_back_url,
        p1_0.nic_front_url,
        p1_0.proof_photo_url,
        p1_0.role,
        p1_0.status,
        p1_0.updated_at 
    from
        public.profiles p1_0 
    where
        p1_0.status in (?, ?)
Hibernate: 
    select
        p1_0.id,
        p1_0.avatar_url,
        p1_0.buyer_type,
        p1_0.created_at,
        p1_0.email,
        p1_0.full_name,
        p1_0.nic_back_url,
        p1_0.nic_front_url,
        p1_0.proof_photo_url,
        p1_0.role,
        p1_0.status,
        p1_0.updated_at 
    from
        public.profiles p1_0 
    where
        p1_0.status in (?, ?)
Hibernate: 
    select
        p1_0.id,
        p1_0.avatar_url,
        p1_0.buyer_type,
        p1_0.created_at,
        p1_0.email,
        p1_0.full_name,
        p1_0.nic_back_url,
        p1_0.nic_front_url,
        p1_0.proof_photo_url,
        p1_0.role,
        p1_0.status,
        p1_0.updated_at 
    from
        public.profiles p1_0 
    where
        p1_0.status in (?, ?)
Hibernate: 
    select
        p1_0.id,
        p1_0.avatar_url,
        p1_0.buyer_type,
        p1_0.created_at,
        p1_0.email,
        p1_0.full_name,
        p1_0.nic_back_url,
        p1_0.nic_front_url,
        p1_0.proof_photo_url,
        p1_0.role,
        p1_0.status,
        p1_0.updated_at 
    from
        public.profiles p1_0 
    where
        p1_0.status in (?, ?)
Hibernate: 
    select
        p1_0.id,
        p1_0.avatar_url,
        p1_0.buyer_type,
        p1_0.created_at,
        p1_0.email,
        p1_0.full_name,
        p1_0.nic_back_url,
        p1_0.nic_front_url,
        p1_0.proof_photo_url,
        p1_0.role,
        p1_0.status,
        p1_0.updated_at 
    from
        public.profiles p1_0 
    where
        p1_0.id=?
Hibernate: 
    update
        public.profiles 
    set
        avatar_url=?,
        buyer_type=?,
        created_at=?,
        email=?,
        full_name=?,
        nic_back_url=?,
        nic_front_url=?,
        proof_photo_url=?,
        role=?,
        status=?,
        updated_at=? 
    where
        id=?
Hibernate: 
    select
        p1_0.id,
        p1_0.avatar_url,
        p1_0.buyer_type,
        p1_0.created_at,
        p1_0.email,
        p1_0.full_name,
        p1_0.nic_back_url,
        p1_0.nic_front_url,
        p1_0.proof_photo_url,
        p1_0.role,
        p1_0.status,
        p1_0.updated_at 
    from
        public.profiles p1_0 
    where
        p1_0.id=?
Hibernate: 
    update
        public.profiles 
    set
        avatar_url=?,
        buyer_type=?,
        created_at=?,
        email=?,
        full_name=?,
        nic_back_url=?,
        nic_front_url=?,
        proof_photo_url=?,
        role=?,
        status=?,
        updated_at=? 
    where
        id=?
Hibernate: 
    select
        p1_0.id,
        p1_0.avatar_url,
        p1_0.buyer_type,
        p1_0.created_at,
        p1_0.email,
        p1_0.full_name,
        p1_0.nic_back_url,
        p1_0.nic_front_url,
        p1_0.proof_photo_url,
        p1_0.role,
        p1_0.status,
        p1_0.updated_at 
    from
        public.profiles p1_0 
    where
        p1_0.id=?
Hibernate: 
    select
        p1_0.id,
        p1_0.avatar_url,
        p1_0.buyer_type,
        p1_0.created_at,
        p1_0.email,
        p1_0.full_name,
        p1_0.nic_back_url,
        p1_0.nic_front_url,
        p1_0.proof_photo_url,
        p1_0.role,
        p1_0.status,
        p1_0.updated_at 
    from
        public.profiles p1_0 
    where
        p1_0.id=?
Hibernate: 
    select
        p1_0.id,
        p1_0.avatar_url,
        p1_0.buyer_type,
        p1_0.created_at,
        p1_0.email,
        p1_0.full_name,
        p1_0.nic_back_url,
        p1_0.nic_front_url,
        p1_0.proof_photo_url,
        p1_0.role,
        p1_0.status,
        p1_0.updated_at 
    from
        public.profiles p1_0 
    where
        p1_0.id=?
Hibernate: 
    select
        p1_0.id,
        p1_0.avatar_url,
        p1_0.buyer_type,
        p1_0.created_at,
        p1_0.email,
        p1_0.full_name,
        p1_0.nic_back_url,
        p1_0.nic_front_url,
        p1_0.proof_photo_url,
        p1_0.role,
        p1_0.status,
        p1_0.updated_at 
    from
        public.profiles p1_0 
    where
        p1_0.id=?
Hibernate: 
    select
        p1_0.id,
        p1_0.avatar_url,
        p1_0.buyer_type,
        p1_0.created_at,
        p1_0.email,
        p1_0.full_name,
        p1_0.nic_back_url,
        p1_0.nic_front_url,
        p1_0.proof_photo_url,
        p1_0.role,
        p1_0.status,
        p1_0.updated_at 
    from
        public.profiles p1_0 
    where
        p1_0.id=?
Hibernate: 
    select
        p1_0.id,
        p1_0.avatar_url,
        p1_0.buyer_type,
        p1_0.created_at,
        p1_0.email,
        p1_0.full_name,
        p1_0.nic_back_url,
        p1_0.nic_front_url,
        p1_0.proof_photo_url,
        p1_0.role,
        p1_0.status,
        p1_0.updated_at 
    from
        public.profiles p1_0 
    where
        p1_0.id=?
Hibernate: 
    select
        p1_0.id,
        p1_0.avatar_url,
        p1_0.buyer_type,
        p1_0.created_at,
        p1_0.email,
        p1_0.full_name,
        p1_0.nic_back_url,
        p1_0.nic_front_url,
        p1_0.proof_photo_url,
        p1_0.role,
        p1_0.status,
        p1_0.updated_at 
    from
        public.profiles p1_0 
    where
        p1_0.id=?
Hibernate: 
    select
        p1_0.id,
        p1_0.avatar_url,
        p1_0.buyer_type,
        p1_0.created_at,
        p1_0.email,
        p1_0.full_name,
        p1_0.nic_back_url,
        p1_0.nic_front_url,
        p1_0.proof_photo_url,
        p1_0.role,
        p1_0.status,
        p1_0.updated_at 
    from
        public.profiles p1_0 
    where
        p1_0.id=?
Hibernate: 
    select
        p1_0.id,
        p1_0.avatar_url,
        p1_0.buyer_type,
        p1_0.created_at,
        p1_0.email,
        p1_0.full_name,
        p1_0.nic_back_url,
        p1_0.nic_front_url,
        p1_0.proof_photo_url,
        p1_0.role,
        p1_0.status,
        p1_0.updated_at 
    from
        public.profiles p1_0 
    where
        p1_0.id=?
Hibernate: 
    select
        p1_0.id,
        p1_0.avatar_url,
        p1_0.buyer_type,
        p1_0.created_at,
        p1_0.email,
        p1_0.full_name,
        p1_0.nic_back_url,
        p1_0.nic_front_url,
        p1_0.proof_photo_url,
        p1_0.role,
        p1_0.status,
        p1_0.updated_at 
    from
        public.profiles p1_0 
    where
        p1_0.id=?
2026-02-01T20:08:55.007+05:30  INFO 16999 --- [agrolink-backend] [ionShutdownHook] o.s.boot.tomcat.GracefulShutdown         : Commencing graceful shutdown. Waiting for active requests to complete
2026-02-01T20:08:57.109+05:30  INFO 16999 --- [agrolink-backend] [tomcat-shutdown] o.s.boot.tomcat.GracefulShutdown         : Graceful shutdown complete
2026-02-01T20:08:57.157+05:30  INFO 16999 --- [agrolink-backend] [ionShutdownHook] j.LocalContainerEntityManagerFactoryBean : Closing JPA EntityManagerFactory for persistence unit 'default'
2026-02-01T20:08:57.208+05:30  INFO 16999 --- [agrolink-backend] [ionShutdownHook] com.zaxxer.hikari.HikariDataSource       : HikariPool-1 - Shutdown initiated...
2026-02-01T20:08:57.812+05:30  INFO 16999 --- [agrolink-backend] [ionShutdownHook] com.zaxxer.hikari.HikariDataSource       : HikariPool-1 - Shutdown completed.
