[INFO] Scanning for projects...
[INFO] 
[INFO] -------------------< com.agrolink:agrolink-backend >--------------------
[INFO] Building agrolink-backend 0.0.1-SNAPSHOT
[INFO]   from pom.xml
[INFO] --------------------------------[ jar ]---------------------------------
[INFO] 
[INFO] >>> spring-boot:4.0.2:run (default-cli) > test-compile @ agrolink-backend >>>
[INFO] 
[INFO] --- resources:3.3.1:resources (default-resources) @ agrolink-backend ---
[INFO] Copying 1 resource from src/main/resources to target/classes
[INFO] Copying 0 resource from src/main/resources to target/classes
[INFO] 
[INFO] --- compiler:3.14.1:compile (default-compile) @ agrolink-backend ---
[INFO] Nothing to compile - all classes are up to date.
[INFO] 
[INFO] --- resources:3.3.1:testResources (default-testResources) @ agrolink-backend ---
[INFO] skip non existing resourceDirectory /Users/shashinkavintha/Documents/My/Agrolink/agrolink-backend/src/test/resources
[INFO] 
[INFO] --- compiler:3.14.1:testCompile (default-testCompile) @ agrolink-backend ---
[INFO] Recompiling the module because of changed source code.
[INFO] Compiling 1 source file with javac [debug parameters release 21] to target/test-classes
[INFO] 
[INFO] <<< spring-boot:4.0.2:run (default-cli) < test-compile @ agrolink-backend <<<
[INFO] 
[INFO] 
[INFO] --- spring-boot:4.0.2:run (default-cli) @ agrolink-backend ---
[INFO] Attaching agents: []

  .   ____          _            __ _ _
 /\\ / ___'_ __ _ _(_)_ __  __ _ \ \ \ \
( ( )\___ | '_ | '_| | '_ \/ _` | \ \ \ \
 \\/  ___)| |_)| | | | | || (_| |  ) ) ) )
  '  |____| .__|_| |_|_| |_\__, | / / / /
 =========|_|==============|___/=/_/_/_/

 :: Spring Boot ::                (v4.0.2)

2026-03-28T13:17:55.908+05:30  INFO 65658 --- [agrolink-backend] [           main] c.a.backend.AgrolinkBackendApplication   : Starting AgrolinkBackendApplication using Java 25.0.2 with PID 65658 (/Users/shashinkavintha/Documents/My/Agrolink/agrolink-backend/target/classes started by shashinkavintha in /Users/shashinkavintha/Documents/My/Agrolink/agrolink-backend)
2026-03-28T13:17:55.909+05:30  INFO 65658 --- [agrolink-backend] [           main] c.a.backend.AgrolinkBackendApplication   : No active profile set, falling back to 1 default profile: "default"
2026-03-28T13:17:56.102+05:30  INFO 65658 --- [agrolink-backend] [           main] .s.d.r.c.RepositoryConfigurationDelegate : Bootstrapping Spring Data JPA repositories in DEFAULT mode.
2026-03-28T13:17:56.124+05:30  INFO 65658 --- [agrolink-backend] [           main] .s.d.r.c.RepositoryConfigurationDelegate : Finished Spring Data repository scanning in 19 ms. Found 15 JPA repository interfaces.
2026-03-28T13:17:56.272+05:30  INFO 65658 --- [agrolink-backend] [           main] o.s.boot.tomcat.TomcatWebServer          : Tomcat initialized with port 8080 (http)
2026-03-28T13:17:56.277+05:30  INFO 65658 --- [agrolink-backend] [           main] o.apache.catalina.core.StandardService   : Starting service [Tomcat]
2026-03-28T13:17:56.277+05:30  INFO 65658 --- [agrolink-backend] [           main] o.apache.catalina.core.StandardEngine    : Starting Servlet engine: [Apache Tomcat/11.0.15]
2026-03-28T13:17:56.291+05:30  INFO 65658 --- [agrolink-backend] [           main] b.w.c.s.WebApplicationContextInitializer : Root WebApplicationContext: initialization completed in 365 ms
2026-03-28T13:17:56.333+05:30  INFO 65658 --- [agrolink-backend] [           main] org.hibernate.orm.jpa                    : HHH008540: Processing PersistenceUnitInfo [name: default]
2026-03-28T13:17:56.354+05:30  INFO 65658 --- [agrolink-backend] [           main] org.hibernate.orm.core                   : HHH000001: Hibernate ORM core version 7.2.1.Final
2026-03-28T13:17:56.358+05:30  INFO 65658 --- [agrolink-backend] [           main] o.h.spatial.integration.SpatialService   : HHH80000001: Hibernate Spatial integration enabled: true
2026-03-28T13:17:56.432+05:30  INFO 65658 --- [agrolink-backend] [           main] com.zaxxer.hikari.HikariDataSource       : HikariPool-1 - Starting...
2026-03-28T13:17:58.711+05:30  INFO 65658 --- [agrolink-backend] [           main] com.zaxxer.hikari.pool.HikariPool        : HikariPool-1 - Added connection org.postgresql.jdbc.PgConnection@49a06087
2026-03-28T13:17:58.712+05:30  INFO 65658 --- [agrolink-backend] [           main] com.zaxxer.hikari.HikariDataSource       : HikariPool-1 - Start completed.
2026-03-28T13:17:58.874+05:30  WARN 65658 --- [agrolink-backend] [           main] org.hibernate.orm.deprecation            : HHH90000025: PostgreSQLDialect does not need to be specified explicitly using 'hibernate.dialect' (remove the property setting and it will be selected by default)
2026-03-28T13:17:59.325+05:30  INFO 65658 --- [agrolink-backend] [           main] org.hibernate.orm.connections.pooling    : HHH10001005: Database info:
	Database JDBC URL [jdbc:postgresql://aws-1-ap-south-1.pooler.supabase.com:6543/postgres?sslmode=require&prepareThreshold=0]
	Database driver: PostgreSQL JDBC Driver
	Database dialect: PostgreSQLDialect
	Database version: 17.6
	Default catalog/schema: postgres/public
	Autocommit mode: undefined/unknown
	Isolation level: READ_COMMITTED [default READ_COMMITTED]
	JDBC fetch size: none
	Pool: DataSourceConnectionProvider
	Minimum pool size: undefined/unknown
	Maximum pool size: undefined/unknown
2026-03-28T13:17:59.399+05:30  INFO 65658 --- [agrolink-backend] [           main] o.s.o.j.p.SpringPersistenceUnitInfo      : No LoadTimeWeaver setup: ignoring JPA class transformer
2026-03-28T13:17:59.745+05:30  INFO 65658 --- [agrolink-backend] [           main] org.hibernate.orm.core                   : HHH000489: No JTA platform available (set 'hibernate.transaction.jta.platform' to enable JTA platform integration)
Hibernate: 
    drop type if exists OrderStatus cascade
2026-03-28T13:18:00.000+05:30  WARN 65658 --- [agrolink-backend] [           main] org.hibernate.orm.jdbc.warn              : HHH000247: ErrorCode: 0, SQLState: 00000
2026-03-28T13:18:00.000+05:30  WARN 65658 --- [agrolink-backend] [           main] org.hibernate.orm.jdbc.warn              : drop cascades to 2 other objects
Hibernate: 
    drop type if exists ProductStatus cascade
2026-03-28T13:18:00.081+05:30  WARN 65658 --- [agrolink-backend] [           main] org.hibernate.orm.jdbc.warn              : HHH000247: ErrorCode: 0, SQLState: 00000
2026-03-28T13:18:00.082+05:30  WARN 65658 --- [agrolink-backend] [           main] org.hibernate.orm.jdbc.warn              : drop cascades to 2 other objects
Hibernate: 
    create type OrderStatus as enum ('accepted','cancelled','delivered','disputed','pending','ready_to_ship','shipped')
Hibernate: 
    create cast (varchar as OrderStatus) with inout as implicit
Hibernate: 
    create cast (OrderStatus as varchar) with inout as implicit
Hibernate: 
    create type ProductStatus as enum ('approved','pending','rejected')
Hibernate: 
    create cast (varchar as ProductStatus) with inout as implicit
Hibernate: 
    create cast (ProductStatus as varchar) with inout as implicit
2026-03-28T13:18:03.223+05:30  INFO 65658 --- [agrolink-backend] [           main] j.LocalContainerEntityManagerFactoryBean : Initialized JPA EntityManagerFactory for persistence unit 'default'
2026-03-28T13:18:03.279+05:30  INFO 65658 --- [agrolink-backend] [           main] o.s.d.j.r.query.QueryEnhancerFactories   : Hibernate is in classpath; If applicable, HQL parser will be used.
2026-03-28T13:18:03.471+05:30  WARN 65658 --- [agrolink-backend] [           main] JpaBaseConfiguration$JpaWebConfiguration : spring.jpa.open-in-view is enabled by default. Therefore, database queries may be performed during view rendering. Explicitly configure spring.jpa.open-in-view to disable this warning
2026-03-28T13:18:03.559+05:30  INFO 65658 --- [agrolink-backend] [           main] o.s.m.s.b.SimpleBrokerMessageHandler     : Starting...
2026-03-28T13:18:03.560+05:30  INFO 65658 --- [agrolink-backend] [           main] o.s.m.s.b.SimpleBrokerMessageHandler     : BrokerAvailabilityEvent[available=true, SimpleBrokerMessageHandler [org.springframework.messaging.simp.broker.DefaultSubscriptionRegistry@59294f29]]
2026-03-28T13:18:03.560+05:30  INFO 65658 --- [agrolink-backend] [           main] o.s.m.s.b.SimpleBrokerMessageHandler     : Started.
2026-03-28T13:18:03.564+05:30  INFO 65658 --- [agrolink-backend] [           main] o.s.boot.tomcat.TomcatWebServer          : Tomcat started on port 8080 (http) with context path '/'
2026-03-28T13:18:03.566+05:30  INFO 65658 --- [agrolink-backend] [           main] c.a.backend.AgrolinkBackendApplication   : Started AgrolinkBackendApplication in 7.765 seconds (process running for 7.876)
Hibernate: 
    select
        count(*) 
    from
        public.knowledge_entries ke1_0
Knowledge base already seeded, skipping.
Checking for legacy categories...
Hibernate: 
    select
        c1_0.id,
        c1_0.created_at,
        c1_0.image_url,
        c1_0.name,
        c1_0.type 
    from
        public.categories c1_0
Category: Seeds, Type: 'FARMERS_SHOP'
Category: Vegetables, Type: 'MARKETPLACE'
Category: Fruits, Type: 'MARKETPLACE'
Category: Spices, Type: 'MARKETPLACE'
Category: Grains, Type: 'MARKETPLACE'
Database fixes applied successfully!
2026-03-28T13:19:03.563+05:30  INFO 65658 --- [agrolink-backend] [MessageBroker-1] o.s.w.s.c.WebSocketMessageBrokerStats    : WebSocketSession[0 current WS(0)-HttpStream(0)-HttpPoll(0), 0 total, 0 closed abnormally (0 connect failure, 0 send limit, 0 transport error)], stompSubProtocol[processed CONNECT(0)-CONNECTED(0)-DISCONNECT(0)], stompBrokerRelay[null], inboundChannel[pool size = 0, active threads = 0, queued tasks = 0, completed tasks = 0], outboundChannel[pool size = 0, active threads = 0, queued tasks = 0, completed tasks = 0], sockJsScheduler[pool size = 2, active threads = 1, queued tasks = 1, completed tasks = 0]
[INFO] ------------------------------------------------------------------------
[INFO] BUILD FAILURE
[INFO] ------------------------------------------------------------------------
[INFO] Total time:  01:54 min
[INFO] Finished at: 2026-03-28T13:19:49+05:30
[INFO] ------------------------------------------------------------------------
[ERROR] Failed to execute goal org.springframework.boot:spring-boot-maven-plugin:4.0.2:run (default-cli) on project agrolink-backend: Process terminated with exit code: 137 -> [Help 1]
[ERROR] 
[ERROR] To see the full stack trace of the errors, re-run Maven with the -e switch.
[ERROR] Re-run Maven using the -X switch to enable full debug logging.
[ERROR] 
[ERROR] For more information about the errors and possible solutions, please read the following articles:
[ERROR] [Help 1] http://cwiki.apache.org/confluence/display/MAVEN/MojoExecutionException
